c:\users\thejoker\desktop\ghostinthelogs\source\src\output\x64\release\victim.obj
c:\users\thejoker\desktop\ghostinthelogs\source\src\output\x64\release\tests.obj
c:\users\thejoker\desktop\ghostinthelogs\source\src\output\x64\release\sup.obj
c:\users\thejoker\desktop\ghostinthelogs\source\src\output\x64\release\ps.obj
c:\users\thejoker\desktop\ghostinthelogs\source\src\output\x64\release\pagewalk.obj
c:\users\thejoker\desktop\ghostinthelogs\source\src\output\x64\release\kduprov.obj
c:\users\thejoker\desktop\ghostinthelogs\source\src\output\x64\release\main.obj
c:\users\thejoker\desktop\ghostinthelogs\source\src\output\x64\release\kdumain.obj
c:\users\thejoker\desktop\ghostinthelogs\source\src\output\x64\release\rtcore.obj
c:\users\thejoker\desktop\ghostinthelogs\source\src\output\x64\release\nal.obj
c:\users\thejoker\desktop\ghostinthelogs\source\src\output\x64\release\msio.obj
c:\users\thejoker\desktop\ghostinthelogs\source\src\output\x64\release\gdrv.obj
c:\users\thejoker\desktop\ghostinthelogs\source\src\output\x64\release\atszio.obj
c:\users\thejoker\desktop\ghostinthelogs\source\src\output\x64\release\hookprovider.obj
c:\users\thejoker\desktop\ghostinthelogs\source\src\output\x64\release\drvmap.obj
c:\users\thejoker\desktop\ghostinthelogs\source\src\output\x64\release\compess.obj
c:\users\thejoker\desktop\ghostinthelogs\source\src\output\x64\release\_strncpy.obj
c:\users\thejoker\desktop\ghostinthelogs\source\src\output\x64\release\_strlen.obj
c:\users\thejoker\desktop\ghostinthelogs\source\src\output\x64\release\_strend.obj
c:\users\thejoker\desktop\ghostinthelogs\source\src\output\x64\release\_strcpy.obj
c:\users\thejoker\desktop\ghostinthelogs\source\src\output\x64\release\_strcmpi.obj
c:\users\thejoker\desktop\ghostinthelogs\source\src\output\x64\release\_strcmp.obj
c:\users\thejoker\desktop\ghostinthelogs\source\src\output\x64\release\_strcat.obj
c:\users\thejoker\desktop\ghostinthelogs\source\src\output\x64\release\_filename.obj
c:\users\thejoker\desktop\ghostinthelogs\source\src\output\x64\release\u64tohex.obj
c:\users\thejoker\desktop\ghostinthelogs\source\src\output\x64\release\strtoul.obj
c:\users\thejoker\desktop\ghostinthelogs\source\src\output\x64\release\strtou64.obj
c:\users\thejoker\desktop\ghostinthelogs\source\src\output\x64\release\cmdline.obj
c:\users\thejoker\desktop\ghostinthelogs\source\src\output\x64\release\hde64.obj
c:\users\thejoker\desktop\ghostinthelogs\source\src\output\x64\release\gitl.exe
c:\users\thejoker\desktop\ghostinthelogs\source\src\output\x64\release\gitl.ipdb
c:\users\thejoker\desktop\ghostinthelogs\source\src\output\x64\release\gitl.iobj
c:\users\thejoker\desktop\ghostinthelogs\source\src\output\x64\release\resource.res
c:\users\thejoker\desktop\ghostinthelogs\source\src\.\output\x64\release\gitl.exe
c:\users\thejoker\desktop\ghostinthelogs\source\src\output\x64\release\src.tlog\cl.command.1.tlog
c:\users\thejoker\desktop\ghostinthelogs\source\src\output\x64\release\src.tlog\cl.read.1.tlog
c:\users\thejoker\desktop\ghostinthelogs\source\src\output\x64\release\src.tlog\cl.write.1.tlog
c:\users\thejoker\desktop\ghostinthelogs\source\src\output\x64\release\src.tlog\link.command.1.tlog
c:\users\thejoker\desktop\ghostinthelogs\source\src\output\x64\release\src.tlog\link.read.1.tlog
c:\users\thejoker\desktop\ghostinthelogs\source\src\output\x64\release\src.tlog\link.write.1.tlog
c:\users\thejoker\desktop\ghostinthelogs\source\src\output\x64\release\src.tlog\rc.command.1.tlog
c:\users\thejoker\desktop\ghostinthelogs\source\src\output\x64\release\src.tlog\rc.read.1.tlog
c:\users\thejoker\desktop\ghostinthelogs\source\src\output\x64\release\src.tlog\rc.write.1.tlog
